DEBUG:urllib3.connectionpool:Starting new HTTPS connection (1): swapi.dev:443
DEBUG:urllib3.connectionpool:https://swapi.dev:443 "GET /api/people/ HTTP/1.1" 200 None
INFO:utils:Fetching next character page...
DEBUG:urllib3.connectionpool:https://swapi.dev:443 "GET /api/people/?page=2 HTTP/1.1" 200 None
INFO:utils:Fetching next character page...
DEBUG:urllib3.connectionpool:https://swapi.dev:443 "GET /api/people/?page=3 HTTP/1.1" 200 None
INFO:utils:Fetching next character page...
DEBUG:urllib3.connectionpool:https://swapi.dev:443 "GET /api/people/?page=4 HTTP/1.1" 200 None
INFO:utils:Fetching next character page...
DEBUG:urllib3.connectionpool:https://swapi.dev:443 "GET /api/people/?page=5 HTTP/1.1" 200 None
INFO:utils:Fetching next character page...
DEBUG:urllib3.connectionpool:https://swapi.dev:443 "GET /api/people/?page=6 HTTP/1.1" 200 None
INFO:utils:Fetching next character page...
DEBUG:urllib3.connectionpool:https://swapi.dev:443 "GET /api/people/?page=7 HTTP/1.1" 200 None
INFO:utils:Fetching next character page...
DEBUG:urllib3.connectionpool:https://swapi.dev:443 "GET /api/people/?page=8 HTTP/1.1" 200 None
INFO:utils:Fetching next character page...
DEBUG:urllib3.connectionpool:https://swapi.dev:443 "GET /api/people/?page=9 HTTP/1.1" 200 None
DEBUG:urllib3.connectionpool:https://swapi.dev:443 "GET /api/species/ HTTP/1.1" 200 None
INFO:utils:Fetching next character page...
DEBUG:urllib3.connectionpool:https://swapi.dev:443 "GET /api/species/?page=2 HTTP/1.1" 200 None
INFO:utils:Fetching next character page...
DEBUG:urllib3.connectionpool:https://swapi.dev:443 "GET /api/species/?page=3 HTTP/1.1" 200 None
INFO:utils:Fetching next character page...
DEBUG:urllib3.connectionpool:https://swapi.dev:443 "GET /api/species/?page=4 HTTP/1.1" 200 None
DEBUG:urllib3.connectionpool:https://swapi.dev:443 "GET /api/planets/ HTTP/1.1" 200 None
INFO:utils:Fetching next character page...
DEBUG:urllib3.connectionpool:https://swapi.dev:443 "GET /api/planets/?page=2 HTTP/1.1" 200 None
INFO:utils:Fetching next character page...
DEBUG:urllib3.connectionpool:https://swapi.dev:443 "GET /api/planets/?page=3 HTTP/1.1" 200 None
INFO:utils:Fetching next character page...
DEBUG:urllib3.connectionpool:https://swapi.dev:443 "GET /api/planets/?page=4 HTTP/1.1" 200 None
INFO:utils:Fetching next character page...
DEBUG:urllib3.connectionpool:https://swapi.dev:443 "GET /api/planets/?page=5 HTTP/1.1" 200 None
INFO:utils:Fetching next character page...
DEBUG:urllib3.connectionpool:https://swapi.dev:443 "GET /api/planets/?page=6 HTTP/1.1" 200 None
DEBUG:urllib3.connectionpool:https://swapi.dev:443 "GET /api/vehicles/ HTTP/1.1" 200 None
INFO:utils:Fetching next character page...
DEBUG:urllib3.connectionpool:https://swapi.dev:443 "GET /api/vehicles/?page=2 HTTP/1.1" 200 None
INFO:utils:Fetching next character page...
DEBUG:urllib3.connectionpool:https://swapi.dev:443 "GET /api/vehicles/?page=3 HTTP/1.1" 200 None
INFO:utils:Fetching next character page...
DEBUG:urllib3.connectionpool:https://swapi.dev:443 "GET /api/vehicles/?page=4 HTTP/1.1" 200 None
DEBUG:urllib3.connectionpool:https://swapi.dev:443 "GET /api/films/ HTTP/1.1" 200 None
DEBUG:urllib3.connectionpool:https://swapi.dev:443 "GET /api/starships/ HTTP/1.1" 200 None
INFO:utils:Fetching next character page...
DEBUG:urllib3.connectionpool:https://swapi.dev:443 "GET /api/starships/?page=2 HTTP/1.1" 200 None
INFO:utils:Fetching next character page...
DEBUG:urllib3.connectionpool:https://swapi.dev:443 "GET /api/starships/?page=3 HTTP/1.1" 200 None
INFO:utils:Fetching next character page...
DEBUG:urllib3.connectionpool:https://swapi.dev:443 "GET /api/starships/?page=4 HTTP/1.1" 200 None
2025-04-04 13:30:58 - DEBUG - Starting new HTTPS connection (1): swapi.dev:443
2025-04-04 13:31:00 - DEBUG - https://swapi.dev:443 "GET /api/people/ HTTP/1.1" 200 None
2025-04-04 13:31:00 - INFO - Fetching next character page...
2025-04-04 13:31:01 - DEBUG - https://swapi.dev:443 "GET /api/people/?page=2 HTTP/1.1" 200 None
2025-04-04 13:31:01 - INFO - Fetching next character page...
2025-04-04 13:31:02 - DEBUG - https://swapi.dev:443 "GET /api/people/?page=3 HTTP/1.1" 200 None
2025-04-04 13:31:02 - INFO - Fetching next character page...
2025-04-04 13:31:02 - DEBUG - https://swapi.dev:443 "GET /api/people/?page=4 HTTP/1.1" 200 None
2025-04-04 13:31:02 - INFO - Fetching next character page...
2025-04-04 13:31:02 - DEBUG - https://swapi.dev:443 "GET /api/people/?page=5 HTTP/1.1" 200 None
2025-04-04 13:31:02 - INFO - Fetching next character page...
2025-04-04 13:31:03 - DEBUG - https://swapi.dev:443 "GET /api/people/?page=6 HTTP/1.1" 200 None
2025-04-04 13:31:03 - INFO - Fetching next character page...
2025-04-04 13:31:03 - DEBUG - https://swapi.dev:443 "GET /api/people/?page=7 HTTP/1.1" 200 None
2025-04-04 13:31:03 - INFO - Fetching next character page...
2025-04-04 13:31:04 - DEBUG - https://swapi.dev:443 "GET /api/people/?page=8 HTTP/1.1" 200 None
2025-04-04 13:31:04 - INFO - Fetching next character page...
2025-04-04 13:31:04 - DEBUG - https://swapi.dev:443 "GET /api/people/?page=9 HTTP/1.1" 200 None
2025-04-04 13:31:04 - DEBUG - https://swapi.dev:443 "GET /api/species/ HTTP/1.1" 200 None
2025-04-04 13:31:04 - INFO - Fetching next character page...
2025-04-04 13:31:05 - DEBUG - https://swapi.dev:443 "GET /api/species/?page=2 HTTP/1.1" 200 None
2025-04-04 13:31:05 - INFO - Fetching next character page...
2025-04-04 13:31:05 - DEBUG - https://swapi.dev:443 "GET /api/species/?page=3 HTTP/1.1" 200 None
2025-04-04 13:31:05 - INFO - Fetching next character page...
2025-04-04 13:31:06 - DEBUG - https://swapi.dev:443 "GET /api/species/?page=4 HTTP/1.1" 200 None
2025-04-04 13:31:06 - DEBUG - https://swapi.dev:443 "GET /api/planets/ HTTP/1.1" 200 None
2025-04-04 13:31:06 - INFO - Fetching next character page...
2025-04-04 13:31:06 - DEBUG - https://swapi.dev:443 "GET /api/planets/?page=2 HTTP/1.1" 200 None
2025-04-04 13:31:06 - INFO - Fetching next character page...
2025-04-04 13:31:07 - DEBUG - https://swapi.dev:443 "GET /api/planets/?page=3 HTTP/1.1" 200 None
2025-04-04 13:31:07 - INFO - Fetching next character page...
2025-04-04 13:31:07 - DEBUG - https://swapi.dev:443 "GET /api/planets/?page=4 HTTP/1.1" 200 None
2025-04-04 13:31:07 - INFO - Fetching next character page...
2025-04-04 13:31:07 - DEBUG - https://swapi.dev:443 "GET /api/planets/?page=5 HTTP/1.1" 200 None
2025-04-04 13:31:07 - INFO - Fetching next character page...
2025-04-04 13:31:08 - DEBUG - https://swapi.dev:443 "GET /api/planets/?page=6 HTTP/1.1" 200 None
2025-04-04 13:31:08 - DEBUG - https://swapi.dev:443 "GET /api/vehicles/ HTTP/1.1" 200 None
2025-04-04 13:31:08 - INFO - Fetching next character page...
2025-04-04 13:31:09 - DEBUG - https://swapi.dev:443 "GET /api/vehicles/?page=2 HTTP/1.1" 200 None
2025-04-04 13:31:09 - INFO - Fetching next character page...
2025-04-04 13:31:09 - DEBUG - https://swapi.dev:443 "GET /api/vehicles/?page=3 HTTP/1.1" 200 None
2025-04-04 13:31:09 - INFO - Fetching next character page...
2025-04-04 13:31:09 - DEBUG - https://swapi.dev:443 "GET /api/vehicles/?page=4 HTTP/1.1" 200 None
2025-04-04 13:31:12 - DEBUG - https://swapi.dev:443 "GET /api/films/ HTTP/1.1" 200 None
2025-04-04 13:31:12 - DEBUG - https://swapi.dev:443 "GET /api/starships/ HTTP/1.1" 200 None
2025-04-04 13:31:12 - INFO - Fetching next character page...
2025-04-04 13:31:12 - DEBUG - https://swapi.dev:443 "GET /api/starships/?page=2 HTTP/1.1" 200 None
2025-04-04 13:31:12 - INFO - Fetching next character page...
2025-04-04 13:31:13 - DEBUG - https://swapi.dev:443 "GET /api/starships/?page=3 HTTP/1.1" 200 None
2025-04-04 13:31:13 - INFO - Fetching next character page...
2025-04-04 13:31:13 - DEBUG - https://swapi.dev:443 "GET /api/starships/?page=4 HTTP/1.1" 200 None
